<?xml version="1.0" encoding="utf-8"?><testsuites name="pytest tests"><testsuite name="pytest" errors="0" failures="1" skipped="0" tests="17" time="29.359" timestamp="2026-04-06T13:22:00.285253+00:00" hostname="agent-env-3f9a8988-e7a7-4a8f-8f9a-0acb9c677eaa"><testcase classname="backend.tests.test_voter_data_ingestion.TestAuthSetup" name="test_admin_login" time="1.071" /><testcase classname="backend.tests.test_voter_data_ingestion.TestVoterBulkImport" name="test_bulk_import_csv_with_all_columns" time="2.527" /><testcase classname="backend.tests.test_voter_data_ingestion.TestVoterBulkImport" name="test_bulk_import_with_location_params" time="0.830" /><testcase classname="backend.tests.test_voter_data_ingestion.TestVoterBulkImport" name="test_bulk_import_with_alternate_column_names" time="0.826" /><testcase classname="backend.tests.test_voter_data_ingestion.TestVoterBulkImport" name="test_bulk_import_missing_required_fields" time="0.430" /><testcase classname="backend.tests.test_voter_data_ingestion.TestVoterBulkPhotos" name="test_bulk_photo_upload_zip" time="3.231" /><testcase classname="backend.tests.test_voter_data_ingestion.TestVoterBulkPhotos" name="test_bulk_photo_case_insensitive_matching" time="3.079" /><testcase classname="backend.tests.test_voter_data_ingestion.TestVoterCRUD" name="test_create_voter_with_all_fields" time="3.132" /><testcase classname="backend.tests.test_voter_data_ingestion.TestVoterCRUD" name="test_get_voters_list" time="0.660" /><testcase classname="backend.tests.test_voter_data_ingestion.TestVoterCRUD" name="test_get_voters_with_search" time="3.203" /><testcase classname="backend.tests.test_voter_data_ingestion.TestVoterCRUD" name="test_get_voters_pagination" time="0.691" /><testcase classname="backend.tests.test_voter_data_ingestion.TestVoterCRUD" name="test_get_voter_stats" time="0.674"><failure message="AssertionError: assert 'total' in {'female_voters': 3, 'male_voters': 6, 'total_booths': 7, 'total_parts': 7, ...}">backend/tests/test_voter_data_ingestion.py:349: in test_get_voter_stats
    assert "total" in data
E   AssertionError: assert 'total' in {'female_voters': 3, 'male_voters': 6, 'total_booths': 7, 'total_parts': 7, ...}</failure></testcase><testcase classname="backend.tests.test_voter_data_ingestion.TestVoterRBACGeofencing" name="test_super_admin_sees_all_voters" time="1.575" /><testcase classname="backend.tests.test_voter_data_ingestion.TestVoterRBACGeofencing" name="test_super_admin_can_filter_by_location" time="0.868" /><testcase classname="backend.tests.test_voter_data_ingestion.TestVoterRBACGeofencing" name="test_voter_hub_access_check" time="0.635" /><testcase classname="backend.tests.test_voter_data_ingestion.TestDataIngestionUI" name="test_constituencies_endpoint_for_location_dropdown" time="1.545" /><testcase classname="backend.tests.test_voter_data_ingestion.TestCleanup" name="test_cleanup_test_voters" time="4.181" /></testsuite></testsuites>